⚠️  API_URL no está definida. Usando valor por defecto para este modo: https://localhost:7248
[1m[33mNG02801: Angular detected that `HttpClient` is not configured to use `fetch` APIs. It's strongly recommended to enable `fetch` for applications that use Server-Side Rendering for better performance and compatibility. To enable `fetch`, add the `withFetch()` to the `provideHttpClient()` call at the root of the application.[39m[22m
[1m[31m(node:36876) [DEP0169] DeprecationWarning: `url.parse()` behavior is not standardized and prone to errors that have security implications. Use the WHATWG URL API instead. CVEs are not issued for `url.parse()` vulnerabilities.
(Use `node --trace-deprecation ...` to show where the warning was created)[39m[22m
[1m[31m[31mX [41;31m[[41;97mERROR[41;31m][0m [1mTS2345: Argument of type '{ methodName: string; statuses: { [status: string]: number; }; total: number; }' is not assignable to parameter of type 'StatusMethodRow'.
  Property 'salesTotal' is missing in type '{ methodName: string; statuses: { [status: string]: number; }; total: number; }' but required in type 'StatusMethodRow'.[0m [1m[35m[plugin angular-compiler][0m

    src/app/pages/admin-dashboard/admin-dashboard.ts:501:23:
[37m      501 │             table.push([32m{ methodName, statuses, total: rowTotal }[37m);
          ╵                        [32m~~~~~~~~~~~~~~~~~~~~~~~~~~~~~~~~~~~~~~~~~[0m

  'salesTotal' is declared here.

    src/app/pages/admin-dashboard/admin-dashboard.ts:42:2:
[37m      42 │   [32msalesTotal[37m: number;
         ╵   [32m~~~~~~~~~~[0m

[39m[22m
[1m[31m[31mX [41;31m[[41;97mERROR[41;31m][0m [1mTS2345: Argument of type '{ methodName: string; statuses: { [status: string]: number; }; total: number; }' is not assignable to parameter of type 'StatusMethodRow'.
  Property 'salesTotal' is missing in type '{ methodName: string; statuses: { [status: string]: number; }; total: number; }' but required in type 'StatusMethodRow'.[0m [1m[35m[plugin angular-compiler][0m

    src/app/pages/admin-dashboard/admin-dashboard.ts:501:23:
[37m      501 │             table.push([32m{ methodName, statuses, total: rowTotal }[37m);
          ╵                        [32m~~~~~~~~~~~~~~~~~~~~~~~~~~~~~~~~~~~~~~~~~[0m

  'salesTotal' is declared here.

    src/app/pages/admin-dashboard/admin-dashboard.ts:42:2:
[37m      42 │   [32msalesTotal[37m: number;
         ╵   [32m~~~~~~~~~~[0m

[39m[22m
